PRT1
24
58
68
4 0 6 0 (88 0 0 ) (120 0 0 ) (120 0 48 ) (88 0 48 ) 
4 0 5 0 (120 0 48 ) (120 0 88 ) (88 0 88 ) (88 0 48 ) 
4 0 4 0 (120 0 0 ) (88 0 0 ) (88 80 0 ) (120 80 0 ) 
4 0 2 0 (88 80 48 ) (88 80 0 ) (88 48 0 ) (88 48 48 ) 
4 0 1 0 (88 0 88 ) (88 80 88 ) (88 80 48 ) (88 0 48 ) 
4 1 5 0 (88 0 48 ) (88 0 88 ) (64 0 88 ) (64 0 48 ) 
4 1 2 0 (64 48 48 ) (64 80 48 ) (88 80 48 ) (88 48 48 ) 
4 1 3 0 (64 0 88 ) (64 80 88 ) (64 80 48 ) (64 0 48 ) 
4 2 4 0 (64 48 0 ) (64 80 0 ) (88 80 0 ) (88 48 0 ) 
4 2 3 0 (64 80 48 ) (64 80 0 ) (64 48 0 ) (64 48 48 ) 
4 3 12 0 (0 0 0 ) (0 0 32 ) (0 48 32 ) (0 48 0 ) 
4 3 11 0 (0 0 32 ) (0 0 88 ) (0 48 88 ) (0 48 32 ) 
4 3 10 0 (0 48 88 ) (0 80 88 ) (0 80 0 ) (0 48 0 ) 
4 3 7 0 (0 0 48 ) (0 0 0 ) (64 0 0 ) (64 0 48 ) 
4 3 5 0 (0 0 88 ) (0 0 48 ) (64 0 48 ) (64 0 88 ) 
4 3 4 0 (64 0 0 ) (0 0 0 ) (0 80 0 ) (64 80 0 ) 
4 4 15 0 (0 0 -24 ) (0 0 0 ) (0 48 0 ) (0 48 -24 ) 
4 4 14 0 (0 48 0 ) (0 80 0 ) (0 80 -24 ) (0 48 -24 ) 
4 4 9 0 (0 0 0 ) (0 0 -24 ) (120 0 -24 ) (120 0 0 ) 
4 5 17 0 (0 -48 88 ) (0 0 88 ) (0 0 48 ) (0 -48 48 ) 
4 5 8 0 (120 -48 48 ) (120 -48 88 ) (0 -48 88 ) (0 -48 48 ) 
4 5 6 0 (120 -48 48 ) (88 -48 48 ) (88 0 48 ) (120 0 48 ) 
4 5 7 0 (64 -48 48 ) (0 -48 48 ) (0 0 48 ) (64 0 48 ) 
4 6 9 0 (88 0 0 ) (120 0 0 ) (120 -48 0 ) (88 -48 0 ) 
4 6 8 0 (88 -48 0 ) (120 -48 0 ) (120 -48 48 ) (88 -48 48 ) 
4 7 18 0 (0 0 32 ) (0 0 0 ) (0 -48 0 ) (0 -48 32 ) 
4 7 17 0 (0 0 48 ) (0 0 32 ) (0 -48 32 ) (0 -48 48 ) 
4 7 9 0 (0 -48 0 ) (0 0 0 ) (64 0 0 ) (64 -48 0 ) 
4 7 8 0 (0 -48 0 ) (64 -48 0 ) (64 -48 48 ) (0 -48 48 ) 
4 8 20 0 (0 -80 88 ) (0 -48 88 ) (0 -48 0 ) (0 -80 0 ) 
4 8 9 0 (0 -80 0 ) (0 -48 0 ) (120 -48 0 ) (120 -80 0 ) 
4 9 23 0 (0 -80 0 ) (0 -48 0 ) (0 -48 -24 ) (0 -80 -24 ) 
4 9 21 0 (0 -48 0 ) (0 0 0 ) (0 0 -24 ) (0 -48 -24 ) 
4 10 14 0 (-88 48 0 ) (-88 80 0 ) (0 80 0 ) (0 48 0 ) 
4 10 12 0 (-48 48 0 ) (0 48 0 ) (0 48 32 ) (-48 48 32 ) 
4 10 13 0 (-88 48 32 ) (-88 48 0 ) (-72 48 0 ) (-72 48 32 ) 
4 10 11 0 (0 48 88 ) (-88 48 88 ) (-88 48 32 ) (0 48 32 ) 
4 11 17 0 (0 0 32 ) (0 0 88 ) (-88 0 88 ) (-88 0 32 ) 
4 11 12 0 (0 0 32 ) (-48 0 32 ) (-48 48 32 ) (0 48 32 ) 
4 11 13 0 (-72 0 32 ) (-88 0 32 ) (-88 48 32 ) (-72 48 32 ) 
4 12 18 0 (-48 0 0 ) (0 0 0 ) (0 0 32 ) (-48 0 32 ) 
4 12 15 0 (0 0 0 ) (-48 0 0 ) (-48 48 0 ) (0 48 0 ) 
4 13 19 0 (-88 0 0 ) (-72 0 0 ) (-72 0 32 ) (-88 0 32 ) 
4 13 16 0 (-72 0 0 ) (-88 0 0 ) (-88 48 0 ) (-72 48 0 ) 
4 14 16 0 (-88 48 0 ) (-88 48 -24 ) (-72 48 -24 ) (-72 48 0 ) 
4 14 15 0 (-48 48 -24 ) (0 48 -24 ) (0 48 0 ) (-48 48 0 ) 
4 15 21 0 (0 0 -24 ) (0 0 0 ) (-48 0 0 ) (-48 0 -24 ) 
4 16 22 0 (-72 0 0 ) (-88 0 0 ) (-88 0 -24 ) (-72 0 -24 ) 
4 17 20 0 (0 -48 88 ) (-88 -48 88 ) (-88 -48 32 ) (0 -48 32 ) 
4 17 18 0 (0 -48 32 ) (-48 -48 32 ) (-48 0 32 ) (0 0 32 ) 
4 17 19 0 (-72 -48 32 ) (-88 -48 32 ) (-88 0 32 ) (-72 0 32 ) 
4 18 21 0 (-48 0 0 ) (0 0 0 ) (0 -48 0 ) (-48 -48 0 ) 
4 18 20 0 (-48 -48 0 ) (0 -48 0 ) (0 -48 32 ) (-48 -48 32 ) 
4 19 22 0 (-88 0 0 ) (-72 0 0 ) (-72 -48 0 ) (-88 -48 0 ) 
4 19 20 0 (-88 -48 32 ) (-88 -48 0 ) (-72 -48 0 ) (-72 -48 32 ) 
4 20 23 0 (0 -48 0 ) (0 -80 0 ) (-88 -80 0 ) (-88 -48 0 ) 
4 21 23 0 (-48 -48 -24 ) (0 -48 -24 ) (0 -48 0 ) (-48 -48 0 ) 
4 22 23 0 (-88 -48 0 ) (-88 -48 -24 ) (-72 -48 -24 ) (-72 -48 0 ) 
4 0 (88 48 0 ) (88 0 0 ) (88 0 48 ) (88 48 48 ) 
4 0 (120 0 0 ) (120 80 0 ) (120 80 88 ) (120 0 88 ) 
4 0 (120 80 88 ) (88 80 88 ) (88 0 88 ) (120 0 88 ) 
4 0 (88 80 88 ) (120 80 88 ) (120 80 0 ) (88 80 0 ) 
4 1 (64 0 48 ) (64 48 48 ) (88 48 48 ) (88 0 48 ) 
4 1 (64 80 48 ) (64 80 88 ) (88 80 88 ) (88 80 48 ) 
4 1 (88 80 88 ) (64 80 88 ) (64 0 88 ) (88 0 88 ) 
4 2 (64 80 48 ) (88 80 48 ) (88 80 0 ) (64 80 0 ) 
4 2 (88 48 0 ) (88 48 48 ) (64 48 48 ) (64 48 0 ) 
4 3 (64 48 48 ) (64 0 48 ) (64 0 0 ) (64 48 0 ) 
4 3 (64 80 88 ) (0 80 88 ) (0 0 88 ) (64 0 88 ) 
4 3 (64 80 88 ) (64 80 0 ) (0 80 0 ) (0 80 88 ) 
4 4 (120 0 -24 ) (0 0 -24 ) (0 80 -24 ) (120 80 -24 ) 
4 4 (88 48 0 ) (64 48 0 ) (64 0 0 ) (88 0 0 ) 
4 4 (120 80 -24 ) (0 80 -24 ) (0 80 0 ) (120 80 0 ) 
4 4 (120 0 0 ) (120 0 -24 ) (120 80 -24 ) (120 80 0 ) 
4 5 (88 -48 48 ) (64 -48 48 ) (64 0 48 ) (88 0 48 ) 
4 5 (120 -48 88 ) (120 -48 48 ) (120 0 48 ) (120 0 88 ) 
4 5 (120 -48 88 ) (120 0 88 ) (0 0 88 ) (0 -48 88 ) 
4 6 (120 -48 48 ) (120 -48 0 ) (120 0 0 ) (120 0 48 ) 
4 6 (88 0 0 ) (88 -48 0 ) (88 -48 48 ) (88 0 48 ) 
4 7 (64 0 48 ) (64 -48 48 ) (64 -48 0 ) (64 0 0 ) 
4 8 (120 -48 88 ) (120 -80 88 ) (120 -80 0 ) (120 -48 0 ) 
4 8 (120 -80 88 ) (120 -48 88 ) (0 -48 88 ) (0 -80 88 ) 
4 8 (64 -48 48 ) (88 -48 48 ) (88 -48 0 ) (64 -48 0 ) 
4 8 (0 -80 0 ) (120 -80 0 ) (120 -80 88 ) (0 -80 88 ) 
4 9 (0 -80 -24 ) (0 0 -24 ) (120 0 -24 ) (120 -80 -24 ) 
4 9 (64 -48 0 ) (88 -48 0 ) (88 0 0 ) (64 0 0 ) 
4 9 (120 -80 -24 ) (120 0 -24 ) (120 0 0 ) (120 -80 0 ) 
4 9 (0 -80 -24 ) (120 -80 -24 ) (120 -80 0 ) (0 -80 0 ) 
4 10 (-72 48 0 ) (-48 48 0 ) (-48 48 32 ) (-72 48 32 ) 
4 10 (-88 80 0 ) (-88 48 0 ) (-88 48 88 ) (-88 80 88 ) 
4 10 (0 48 88 ) (0 80 88 ) (-88 80 88 ) (-88 48 88 ) 
4 10 (0 80 0 ) (-88 80 0 ) (-88 80 88 ) (0 80 88 ) 
4 11 (-48 0 32 ) (-72 0 32 ) (-72 48 32 ) (-48 48 32 ) 
4 11 (-88 0 32 ) (-88 0 88 ) (-88 48 88 ) (-88 48 32 ) 
4 11 (0 48 88 ) (-88 48 88 ) (-88 0 88 ) (0 0 88 ) 
4 12 (-48 0 32 ) (-48 48 32 ) (-48 48 0 ) (-48 0 0 ) 
4 13 (-72 0 0 ) (-72 48 0 ) (-72 48 32 ) (-72 0 32 ) 
4 13 (-88 48 0 ) (-88 0 0 ) (-88 0 32 ) (-88 48 32 ) 
4 14 (-72 48 -24 ) (-48 48 -24 ) (-48 48 0 ) (-72 48 0 ) 
4 14 (-88 48 0 ) (-88 80 0 ) (-88 80 -24 ) (-88 48 -24 ) 
4 14 (-88 48 -24 ) (-88 80 -24 ) (0 80 -24 ) (0 48 -24 ) 
4 14 (0 80 0 ) (0 80 -24 ) (-88 80 -24 ) (-88 80 0 ) 
4 15 (-48 48 0 ) (-48 48 -24 ) (-48 0 -24 ) (-48 0 0 ) 
4 15 (0 0 -24 ) (-48 0 -24 ) (-48 48 -24 ) (0 48 -24 ) 
4 16 (-72 0 -24 ) (-88 0 -24 ) (-88 48 -24 ) (-72 48 -24 ) 
4 16 (-88 0 -24 ) (-88 0 0 ) (-88 48 0 ) (-88 48 -24 ) 
4 16 (-72 0 0 ) (-72 0 -24 ) (-72 48 -24 ) (-72 48 0 ) 
4 17 (-48 -48 32 ) (-72 -48 32 ) (-72 0 32 ) (-48 0 32 ) 
4 17 (-88 0 88 ) (-88 0 32 ) (-88 -48 32 ) (-88 -48 88 ) 
4 17 (0 -48 88 ) (0 0 88 ) (-88 0 88 ) (-88 -48 88 ) 
4 18 (-48 0 0 ) (-48 -48 0 ) (-48 -48 32 ) (-48 0 32 ) 
4 19 (-72 0 32 ) (-72 -48 32 ) (-72 -48 0 ) (-72 0 0 ) 
4 19 (-88 0 32 ) (-88 0 0 ) (-88 -48 0 ) (-88 -48 32 ) 
4 20 (-88 -48 0 ) (-88 -80 0 ) (-88 -80 88 ) (-88 -48 88 ) 
4 20 (0 -80 88 ) (0 -48 88 ) (-88 -48 88 ) (-88 -80 88 ) 
4 20 (-72 -48 32 ) (-48 -48 32 ) (-48 -48 0 ) (-72 -48 0 ) 
4 20 (0 -80 88 ) (-88 -80 88 ) (-88 -80 0 ) (0 -80 0 ) 
4 21 (-48 0 -24 ) (-48 -48 -24 ) (-48 -48 0 ) (-48 0 0 ) 
4 21 (-48 0 -24 ) (0 0 -24 ) (0 -48 -24 ) (-48 -48 -24 ) 
4 22 (-88 -48 -24 ) (-88 0 -24 ) (-72 0 -24 ) (-72 -48 -24 ) 
4 22 (-88 -48 0 ) (-88 0 0 ) (-88 0 -24 ) (-88 -48 -24 ) 
4 22 (-72 0 0 ) (-72 -48 0 ) (-72 -48 -24 ) (-72 0 -24 ) 
4 23 (-88 -80 0 ) (-88 -48 0 ) (-88 -48 -24 ) (-88 -80 -24 ) 
4 23 (-88 -80 -24 ) (-88 -48 -24 ) (0 -48 -24 ) (0 -80 -24 ) 
4 23 (-72 -48 0 ) (-48 -48 0 ) (-48 -48 -24 ) (-72 -48 -24 ) 
4 23 (-88 -80 0 ) (-88 -80 -24 ) (0 -80 -24 ) (0 -80 0 ) 
